2023-04-05 16:34:00.697 [info] Added views:workbench.panel.markers.view in workbench.panel.markers
2023-04-05 16:34:00.697 [info] Added views:workbench.panel.output in workbench.panel.output
2023-04-05 16:34:00.697 [info] Added views:terminal in terminal
2023-04-05 16:34:00.697 [info] Added views:outline in workbench.view.explorer
2023-04-05 16:34:00.697 [info] Added views:workbench.scm in workbench.view.scm
2023-04-05 16:34:00.697 [info] Added views:workbench.view.search in workbench.view.search
2023-04-05 16:34:00.697 [info] Added views:timeline in workbench.view.explorer
2023-04-05 16:34:00.697 [info] Added views:workbench.explorer.emptyView in workbench.view.explorer
2023-04-05 16:34:01.114 [info] Added views:workbench.debug.variablesView,workbench.debug.watchExpressionsView,workbench.debug.callStackView,workbench.debug.breakPointsView in workbench.view.debug
2023-04-05 16:34:03.233 [info] Added views:workbench.panel.repl.view in workbench.panel.repl
2023-04-05 16:34:03.237 [info] Removed views:workbench.debug.breakPointsView,workbench.debug.callStackView,workbench.debug.watchExpressionsView,workbench.debug.variablesView from workbench.view.debug
2023-04-05 16:34:03.238 [info] Added views:workbench.debug.welcome in workbench.view.debug
2023-04-05 16:36:40.205 [info] Added views:workbench.views.extensions.installed,workbench.views.extensions.popular,extensions.recommendedList in workbench.view.extensions
2023-04-05 16:36:40.210 [info] Removed views:workbench.views.extensions.popular from workbench.view.extensions
2023-04-05 16:36:40.922 [info] Added views:workbench.views.extensions.popular in workbench.view.extensions
2023-04-05 16:36:50.886 [info] Removed views:extensions.recommendedList,workbench.views.extensions.popular,workbench.views.extensions.installed from workbench.view.extensions
2023-04-05 16:36:50.917 [info] Added views:workbench.views.extensions.marketplace in workbench.view.extensions
2023-04-05 16:37:06.002 [info] Added views:github.cweijan.mysql in workbench.view.extension.github-cweijan-mysql
2023-04-05 16:37:06.005 [info] Added views:github.cweijan.nosql in workbench.view.extension.github-cweijan-nosql
2023-04-05 16:39:01.110 [info] Added views:workbench.explorer.fileView in workbench.view.explorer
2023-04-05 16:39:01.119 [info] Removed views:workbench.explorer.emptyView from workbench.view.explorer
2023-04-05 16:39:04.581 [info] Removed views:workbench.panel.repl.view from workbench.panel.repl
2023-04-05 16:39:04.834 [info] Added views:workbench.panel.repl.view in workbench.panel.repl
2023-04-05 16:40:59.460 [info] Removed views:workbench.views.extensions.marketplace from workbench.view.extensions
2023-04-05 16:40:59.560 [info] Added views:workbench.views.extensions.installed,workbench.views.extensions.popular,extensions.recommendedList in workbench.view.extensions
2023-04-05 16:41:01.989 [info] Removed views:extensions.recommendedList,workbench.views.extensions.popular,workbench.views.extensions.installed from workbench.view.extensions
2023-04-05 16:41:02.027 [info] Added views:workbench.views.extensions.marketplace in workbench.view.extensions
