0 verbose cli [ '/usr/bin/node', '/usr/bin/npm', 'i', '@types/node', '-D' ]
1 info using npm@8.5.1
2 info using node@v12.22.9
3 timing npm:load:whichnode Completed in 1ms
4 timing config:load:defaults Completed in 2ms
5 timing config:load:file:/usr/share/nodejs/npm/npmrc Completed in 3ms
6 timing config:load:builtin Completed in 3ms
7 timing config:load:cli Completed in 3ms
8 timing config:load:env Completed in 1ms
9 timing config:load:project Completed in 2ms
10 timing config:load:file:/home/raphael/.npmrc Completed in 0ms
11 timing config:load:user Completed in 0ms
12 timing config:load:file:/etc/npmrc Completed in 1ms
13 timing config:load:global Completed in 1ms
14 timing config:load:validate Completed in 0ms
15 timing config:load:credentials Completed in 1ms
16 timing config:load:setEnvs Completed in 2ms
17 timing config:load Completed in 16ms
18 timing npm:load:configload Completed in 16ms
19 timing npm:load:setTitle Completed in 0ms
20 timing config:load:flatten Completed in 4ms
21 timing npm:load:display Completed in 7ms
22 verbose logfile /home/raphael/.npm/_logs/2023-04-05T19_36_32_400Z-debug-0.log
23 timing npm:load:logFile Completed in 7ms
24 timing npm:load:timers Completed in 0ms
25 timing npm:load:configScope Completed in 0ms
26 timing npm:load Completed in 33ms
27 timing arborist:ctor Completed in 2ms
28 timing idealTree:init Completed in 79ms
29 timing idealTree:userRequests Completed in 3ms
30 silly idealTree buildDeps
31 silly fetch manifest @types/node@*
32 timing arborist:ctor Completed in 0ms
33 http fetch GET 200 https://registry.npmjs.org/@types%2fnode 348ms (cache miss)
34 silly placeDep ROOT @types/node@18.15.11 OK for:  want: *
35 timing idealTree:#root Completed in 387ms
36 timing idealTree:node_modules/@types/node Completed in 0ms
37 timing idealTree:buildDeps Completed in 390ms
38 timing idealTree:fixDepFlags Completed in 1ms
39 warn EBADENGINE Unsupported engine {
39 warn EBADENGINE   package: '@remix-run/router@1.5.0',
39 warn EBADENGINE   required: { node: '>=14' },
39 warn EBADENGINE   current: { node: 'v12.22.9', npm: '8.5.1' }
39 warn EBADENGINE }
40 warn EBADENGINE Unsupported engine {
40 warn EBADENGINE   package: 'react-router@6.10.0',
40 warn EBADENGINE   required: { node: '>=14' },
40 warn EBADENGINE   current: { node: 'v12.22.9', npm: '8.5.1' }
40 warn EBADENGINE }
41 warn EBADENGINE Unsupported engine {
41 warn EBADENGINE   package: 'react-router-dom@6.10.0',
41 warn EBADENGINE   required: { node: '>=14' },
41 warn EBADENGINE   current: { node: 'v12.22.9', npm: '8.5.1' }
41 warn EBADENGINE }
42 timing idealTree Completed in 484ms
43 timing reify:loadTrees Completed in 487ms
44 timing reify:diffTrees Completed in 5ms
45 silly reify moves {}
46 timing reify:retireShallow Completed in 1ms
47 timing reify:createSparse Completed in 5ms
48 timing reify:loadBundles Completed in 0ms
49 silly audit bulk request {
49 silly audit   '@remix-run/router': [ '1.5.0' ],
49 silly audit   'js-tokens': [ '4.0.0' ],
49 silly audit   'loose-envify': [ '1.4.0' ],
49 silly audit   react: [ '18.2.0' ],
49 silly audit   'react-dom': [ '18.2.0' ],
49 silly audit   'react-router': [ '6.10.0' ],
49 silly audit   'react-router-dom': [ '6.10.0' ],
49 silly audit   scheduler: [ '0.23.0' ],
49 silly audit   '@types/node': [ '18.15.11' ]
49 silly audit }
50 silly tarball no local data for @types/node@https://registry.npmjs.org/@types/node/-/node-18.15.11.tgz. Extracting by manifest.
51 http fetch POST 200 https://registry.npmjs.org/-/npm/v1/security/advisories/bulk 267ms
52 timing auditReport:getReport Completed in 277ms
53 silly audit report {}
54 timing auditReport:init Completed in 0ms
55 timing reify:audit Completed in 279ms
56 http fetch GET 200 https://registry.npmjs.org/@types/node/-/node-18.15.11.tgz 413ms (cache miss)
57 timing reifyNode:node_modules/@types/node Completed in 437ms
58 timing reify:unpack Completed in 437ms
59 timing reify:unretire Completed in 0ms
60 timing build:queue Completed in 1ms
61 timing build:deps Completed in 2ms
62 timing build Completed in 2ms
63 timing reify:build Completed in 2ms
64 timing reify:trash Completed in 0ms
65 timing reify:save Completed in 17ms
66 timing reify Completed in 1016ms
67 silly ADD node_modules/@types/node
68 timing command:i Completed in 1030ms
69 verbose exit 0
70 timing npm Completed in 1352ms
71 info ok
