0 verbose cli [ '/usr/bin/node', '/usr/bin/npm', 'i', 'react-router-dom' ]
1 info using npm@8.5.1
2 info using node@v12.22.9
3 timing npm:load:whichnode Completed in 1ms
4 timing config:load:defaults Completed in 5ms
5 timing config:load:file:/usr/share/nodejs/npm/npmrc Completed in 14ms
6 timing config:load:builtin Completed in 15ms
7 timing config:load:cli Completed in 4ms
8 timing config:load:env Completed in 1ms
9 timing config:load:project Completed in 3ms
10 timing config:load:file:/home/raphael/.npmrc Completed in 1ms
11 timing config:load:user Completed in 1ms
12 timing config:load:file:/etc/npmrc Completed in 0ms
13 timing config:load:global Completed in 1ms
14 timing config:load:validate Completed in 0ms
15 timing config:load:credentials Completed in 6ms
16 timing config:load:setEnvs Completed in 2ms
17 timing config:load Completed in 38ms
18 timing npm:load:configload Completed in 38ms
19 timing npm:load:setTitle Completed in 1ms
20 timing config:load:flatten Completed in 4ms
21 timing npm:load:display Completed in 8ms
22 verbose logfile /home/raphael/.npm/_logs/2023-04-05T19_35_19_819Z-debug-0.log
23 timing npm:load:logFile Completed in 9ms
24 timing npm:load:timers Completed in 0ms
25 timing npm:load:configScope Completed in 0ms
26 timing npm:load Completed in 58ms
27 timing arborist:ctor Completed in 3ms
28 timing arborist:ctor Completed in 1ms
29 timing idealTree:init Completed in 38ms
30 timing idealTree:userRequests Completed in 8ms
31 silly idealTree buildDeps
32 silly fetch manifest react-router-dom@*
33 http fetch GET 200 https://registry.npmjs.org/react-router-dom 291ms (cache miss)
34 silly fetch manifest react@>=16.8
35 http fetch GET 200 https://registry.npmjs.org/react 166ms (cache miss)
36 silly fetch manifest react-dom@>=16.8
37 http fetch GET 200 https://registry.npmjs.org/react-dom 132ms (cache miss)
38 silly placeDep ROOT react-router-dom@6.10.0 OK for:  want: *
39 silly placeDep ROOT react@18.2.0 OK for: react-router-dom@6.10.0 want: >=16.8
40 silly placeDep ROOT react-dom@18.2.0 OK for: react-router-dom@6.10.0 want: >=16.8
41 silly fetch manifest @remix-run/router@1.5.0
42 silly fetch manifest react-router@6.10.0
43 silly fetch manifest loose-envify@^1.1.0
44 silly fetch manifest scheduler@^0.23.0
45 http fetch GET 200 https://registry.npmjs.org/loose-envify 113ms (cache miss)
46 http fetch GET 200 https://registry.npmjs.org/react-router 194ms (cache miss)
47 http fetch GET 200 https://registry.npmjs.org/scheduler 278ms (cache miss)
48 http fetch GET 200 https://registry.npmjs.org/@remix-run%2frouter 315ms (cache miss)
49 timing idealTree:#root Completed in 981ms
50 silly placeDep ROOT loose-envify@1.4.0 OK for: react@18.2.0 want: ^1.1.0
51 silly fetch manifest js-tokens@^3.0.0 || ^4.0.0
52 http fetch GET 200 https://registry.npmjs.org/js-tokens 37ms (cache miss)
53 timing idealTree:node_modules/react Completed in 49ms
54 silly placeDep ROOT js-tokens@4.0.0 OK for: loose-envify@1.4.0 want: ^3.0.0 || ^4.0.0
55 timing idealTree:node_modules/loose-envify Completed in 4ms
56 timing idealTree:node_modules/js-tokens Completed in 0ms
57 silly placeDep ROOT scheduler@0.23.0 OK for: react-dom@18.2.0 want: ^0.23.0
58 timing idealTree:node_modules/react-dom Completed in 3ms
59 silly placeDep ROOT @remix-run/router@1.5.0 OK for: react-router-dom@6.10.0 want: 1.5.0
60 silly placeDep ROOT react-router@6.10.0 OK for: react-router-dom@6.10.0 want: 6.10.0
61 timing idealTree:node_modules/react-router-dom Completed in 8ms
62 timing idealTree:node_modules/@remix-run/router Completed in 0ms
63 timing idealTree:node_modules/react-router Completed in 0ms
64 timing idealTree:node_modules/scheduler Completed in 0ms
65 timing idealTree:buildDeps Completed in 1048ms
66 timing idealTree:fixDepFlags Completed in 1ms
67 warn EBADENGINE Unsupported engine {
67 warn EBADENGINE   package: 'react-router-dom@6.10.0',
67 warn EBADENGINE   required: { node: '>=14' },
67 warn EBADENGINE   current: { node: 'v12.22.9', npm: '8.5.1' }
67 warn EBADENGINE }
68 warn EBADENGINE Unsupported engine {
68 warn EBADENGINE   package: '@remix-run/router@1.5.0',
68 warn EBADENGINE   required: { node: '>=14' },
68 warn EBADENGINE   current: { node: 'v12.22.9', npm: '8.5.1' }
68 warn EBADENGINE }
69 warn EBADENGINE Unsupported engine {
69 warn EBADENGINE   package: 'react-router@6.10.0',
69 warn EBADENGINE   required: { node: '>=14' },
69 warn EBADENGINE   current: { node: 'v12.22.9', npm: '8.5.1' }
69 warn EBADENGINE }
70 timing idealTree Completed in 1105ms
71 timing reify:loadTrees Completed in 1106ms
72 timing reify:diffTrees Completed in 3ms
73 silly reify moves {}
74 timing reify:retireShallow Completed in 1ms
75 timing reify:createSparse Completed in 6ms
76 timing reify:loadBundles Completed in 0ms
77 silly audit bulk request {
77 silly audit   'react-router-dom': [ '6.10.0' ],
77 silly audit   react: [ '18.2.0' ],
77 silly audit   'react-dom': [ '18.2.0' ],
77 silly audit   'loose-envify': [ '1.4.0' ],
77 silly audit   'js-tokens': [ '4.0.0' ],
77 silly audit   scheduler: [ '0.23.0' ],
77 silly audit   '@remix-run/router': [ '1.5.0' ],
77 silly audit   'react-router': [ '6.10.0' ]
77 silly audit }
78 silly tarball no local data for react-router@https://registry.npmjs.org/react-router/-/react-router-6.10.0.tgz. Extracting by manifest.
79 silly tarball no local data for @remix-run/router@https://registry.npmjs.org/@remix-run/router/-/router-1.5.0.tgz. Extracting by manifest.
80 silly tarball no local data for scheduler@https://registry.npmjs.org/scheduler/-/scheduler-0.23.0.tgz. Extracting by manifest.
81 silly tarball no local data for react-dom@https://registry.npmjs.org/react-dom/-/react-dom-18.2.0.tgz. Extracting by manifest.
82 silly tarball no local data for loose-envify@https://registry.npmjs.org/loose-envify/-/loose-envify-1.4.0.tgz. Extracting by manifest.
83 silly tarball no local data for react@https://registry.npmjs.org/react/-/react-18.2.0.tgz. Extracting by manifest.
84 silly tarball no local data for react-router-dom@https://registry.npmjs.org/react-router-dom/-/react-router-dom-6.10.0.tgz. Extracting by manifest.
85 silly tarball no local data for js-tokens@https://registry.npmjs.org/js-tokens/-/js-tokens-4.0.0.tgz. Extracting by manifest.
86 http fetch POST 200 https://registry.npmjs.org/-/npm/v1/security/advisories/bulk 344ms
87 timing auditReport:getReport Completed in 347ms
88 silly audit report {}
89 timing auditReport:init Completed in 0ms
90 timing reify:audit Completed in 350ms
91 http fetch GET 200 https://registry.npmjs.org/loose-envify/-/loose-envify-1.4.0.tgz 333ms (cache miss)
92 timing reifyNode:node_modules/loose-envify Completed in 422ms
93 http fetch GET 200 https://registry.npmjs.org/scheduler/-/scheduler-0.23.0.tgz 379ms (cache miss)
94 timing reifyNode:node_modules/scheduler Completed in 442ms
95 http fetch GET 200 https://registry.npmjs.org/js-tokens/-/js-tokens-4.0.0.tgz 310ms (cache miss)
96 timing reifyNode:node_modules/js-tokens Completed in 451ms
97 http fetch GET 200 https://registry.npmjs.org/react-router/-/react-router-6.10.0.tgz 471ms (cache miss)
98 timing reifyNode:node_modules/react-router Completed in 505ms
99 http fetch GET 200 https://registry.npmjs.org/react/-/react-18.2.0.tgz 447ms (cache miss)
100 timing reifyNode:node_modules/react Completed in 548ms
101 http fetch GET 200 https://registry.npmjs.org/react-router-dom/-/react-router-dom-6.10.0.tgz 454ms (cache miss)
102 timing reifyNode:node_modules/react-router-dom Completed in 570ms
103 http fetch GET 200 https://registry.npmjs.org/react-dom/-/react-dom-18.2.0.tgz 622ms (cache miss)
104 timing reifyNode:node_modules/react-dom Completed in 697ms
105 http fetch GET 200 https://registry.npmjs.org/@remix-run/router/-/router-1.5.0.tgz 951ms (cache miss)
106 timing reifyNode:node_modules/@remix-run/router Completed in 995ms
107 timing reify:unpack Completed in 996ms
108 timing reify:unretire Completed in 0ms
109 timing build:queue Completed in 2ms
110 timing build:link:node_modules/loose-envify Completed in 24ms
111 timing build:link Completed in 25ms
112 timing build:deps Completed in 28ms
113 timing build Completed in 28ms
114 timing reify:build Completed in 29ms
115 timing reify:trash Completed in 0ms
116 timing reify:save Completed in 19ms
117 timing reify Completed in 2226ms
118 silly ADD node_modules/react-router
119 silly ADD node_modules/@remix-run/router
120 silly ADD node_modules/scheduler
121 silly ADD node_modules/js-tokens
122 silly ADD node_modules/loose-envify
123 silly ADD node_modules/react-dom
124 silly ADD node_modules/react
125 silly ADD node_modules/react-router-dom
126 timing command:i Completed in 2240ms
127 verbose exit 0
128 timing npm Completed in 5161ms
129 info ok
