2023-04-05 16:34:03.879 [info] Reading sessions from keychain...
2023-04-05 16:34:03.879 [info] Getting sessions for all scopes...
2023-04-05 16:34:03.879 [info] Got 0 sessions for ...
2023-04-05 16:34:03.879 [info] Getting sessions for all scopes...
2023-04-05 16:34:03.879 [info] Got 0 sessions for ...
2023-04-05 16:34:03.879 [info] Getting sessions for user:email...
2023-04-05 16:34:03.879 [info] Got 0 sessions for user:email...
2023-04-05 16:34:04.000 [info] Getting sessions for all scopes...
2023-04-05 16:34:04.000 [info] Got 0 sessions for ...
2023-04-05 16:39:04.941 [info] Reading sessions from keychain...
2023-04-05 16:39:04.941 [info] Getting sessions for all scopes...
2023-04-05 16:39:04.941 [info] Getting sessions for user:email...
2023-04-05 16:39:04.941 [info] Getting sessions for all scopes...
2023-04-05 16:39:04.941 [info] Got 0 sessions for ...
2023-04-05 16:39:04.941 [info] Got 0 sessions for user:email...
2023-04-05 16:39:04.941 [info] Got 0 sessions for ...
2023-04-05 16:39:04.941 [info] Getting sessions for user:email...
2023-04-05 16:39:04.941 [info] Got 0 sessions for user:email...
2023-04-05 16:39:04.942 [info] Getting sessions for all scopes...
2023-04-05 16:39:04.942 [info] Got 0 sessions for ...
