2023-04-05 16:34:02.751 [info] Extension host with pid 6830 started
2023-04-05 16:34:03.241 [info] ExtensionService#_doActivateExtension vscode.git-base, startup: true, activationEvent: '*', root cause: vscode.git
2023-04-05 16:34:03.253 [info] ExtensionService#_doActivateExtension vscode.github-authentication, startup: false, activationEvent: 'onAuthenticationRequest:github'
2023-04-05 16:34:03.445 [info] ExtensionService#_doActivateExtension vscode.git, startup: true, activationEvent: '*'
2023-04-05 16:34:03.643 [info] ExtensionService#_doActivateExtension vscode.github, startup: true, activationEvent: '*'
2023-04-05 16:34:03.880 [info] ExtensionService#_doActivateExtension vscode.microsoft-authentication, startup: false, activationEvent: 'onAuthenticationRequest:microsoft'
2023-04-05 16:34:04.759 [info] Eager extensions activated
2023-04-05 16:34:04.793 [info] ExtensionService#_doActivateExtension vscode.debug-auto-launch, startup: false, activationEvent: 'onStartupFinished'
2023-04-05 16:34:04.799 [info] ExtensionService#_doActivateExtension vscode.merge-conflict, startup: false, activationEvent: 'onStartupFinished'
2023-04-05 16:34:44.110 [info] ExtensionService#_doActivateExtension vscode.emmet, startup: false, activationEvent: 'onLanguage'
2023-04-05 16:37:06.154 [info] ExtensionService#_doActivateExtension cweijan.vscode-mysql-client2, startup: false, activationEvent: 'onStartupFinished'
2023-04-05 16:39:04.034 [info] Extension host terminating: renderer closed the MessagePort
2023-04-05 16:39:04.054 [info] Extension host with pid 6830 exiting with code 0
2023-04-05 16:39:04.794 [info] Extension host with pid 7504 started
2023-04-05 16:39:04.794 [info] Skipping acquiring lock for /home/raphael/.config/Code/User/workspaceStorage/23f00d8205578d56fbf7a0b7ad5ef8da.
2023-04-05 16:39:04.828 [info] ExtensionService#_doActivateExtension vscode.github-authentication, startup: false, activationEvent: 'onAuthenticationRequest:github'
2023-04-05 16:39:04.858 [info] ExtensionService#_doActivateExtension vscode.microsoft-authentication, startup: false, activationEvent: 'onAuthenticationRequest:microsoft'
2023-04-05 16:39:04.874 [info] ExtensionService#_doActivateExtension vscode.emmet, startup: false, activationEvent: 'onLanguage'
2023-04-05 16:39:04.938 [info] ExtensionService#_doActivateExtension vscode.git-base, startup: true, activationEvent: '*', root cause: vscode.git
2023-04-05 16:39:04.947 [info] ExtensionService#_doActivateExtension vscode.git, startup: true, activationEvent: '*'
2023-04-05 16:39:04.991 [info] ExtensionService#_doActivateExtension vscode.github, startup: true, activationEvent: '*'
2023-04-05 16:39:05.070 [info] Eager extensions activated
2023-04-05 16:39:05.112 [info] ExtensionService#_doActivateExtension vscode.debug-auto-launch, startup: false, activationEvent: 'onStartupFinished'
2023-04-05 16:39:05.118 [info] ExtensionService#_doActivateExtension vscode.merge-conflict, startup: false, activationEvent: 'onStartupFinished'
2023-04-05 16:39:05.130 [info] ExtensionService#_doActivateExtension cweijan.vscode-mysql-client2, startup: false, activationEvent: 'onStartupFinished'
2023-04-05 16:41:49.014 [info] Extension host terminating: renderer closed the MessagePort
2023-04-05 16:41:49.060 [info] Extension host with pid 7504 exiting with code 0
